<?xml version="1.0" encoding="UTF-8"?>
<testng-results ignored="0" total="2" passed="2" failed="0" skipped="0">
  <reporter-output>
  </reporter-output>
  <suite started-at="2021-05-09T20:21:06Z" name="Suite" finished-at="2021-05-09T20:21:12Z" duration-ms="6030">
    <groups>
    </groups>
    <test started-at="2021-05-09T20:21:06Z" name="Test" finished-at="2021-05-09T20:21:12Z" duration-ms="6030">
      <class name="Academy.E2Eworkflow.Homepage">
        <test-method is-config="true" signature="initialize()[pri:0, instance:Academy.E2Eworkflow.Homepage@6c0d7c83]" started-at="2021-05-09T20:21:06Z" name="initialize" finished-at="2021-05-09T20:21:08Z" duration-ms="1887" status="PASS">
          <reporter-output>
          </reporter-output>
        </test-method> <!-- initialize -->
        <test-method signature="basepagenav(java.lang.String, java.lang.String)[pri:0, instance:Academy.E2Eworkflow.Homepage@6c0d7c83]" started-at="2021-05-09T20:21:08Z" name="basepagenav" data-provider="getdata" finished-at="2021-05-09T20:21:11Z" duration-ms="3509" status="PASS">
          <params>
            <param index="0">
              <value>
                <![CDATA[standard_user]]>
              </value>
            </param>
            <param index="1">
              <value>
                <![CDATA[secret_sauce]]>
              </value>
            </param>
          </params>
          <reporter-output>
          </reporter-output>
        </test-method> <!-- basepagenav -->
        <test-method signature="basepagenav(java.lang.String, java.lang.String)[pri:0, instance:Academy.E2Eworkflow.Homepage@6c0d7c83]" started-at="2021-05-09T20:21:11Z" name="basepagenav" data-provider="getdata" finished-at="2021-05-09T20:21:12Z" duration-ms="359" status="PASS">
          <params>
            <param index="0">
              <value>
                <![CDATA[locked_out_user]]>
              </value>
            </param>
            <param index="1">
              <value>
                <![CDATA[secret_sauce]]>
              </value>
            </param>
          </params>
          <reporter-output>
          </reporter-output>
        </test-method> <!-- basepagenav -->
        <test-method is-config="true" signature="end()[pri:0, instance:Academy.E2Eworkflow.Homepage@6c0d7c83]" started-at="2021-05-09T20:21:12Z" name="end" finished-at="2021-05-09T20:21:12Z" duration-ms="227" status="PASS">
          <reporter-output>
          </reporter-output>
        </test-method> <!-- end -->
      </class> <!-- Academy.E2Eworkflow.Homepage -->
    </test> <!-- Test -->
  </suite> <!-- Suite -->
</testng-results>
