<?xml version="1.0" encoding="UTF-8"?>
<testng-results ignored="0" total="2" passed="2" failed="0" skipped="0">
  <reporter-output>
  </reporter-output>
  <suite started-at="2021-05-21T18:34:03Z" name="Suite" finished-at="2021-05-21T18:34:12Z" duration-ms="8047">
    <groups>
    </groups>
    <test started-at="2021-05-21T18:34:03Z" name="Test" finished-at="2021-05-21T18:34:12Z" duration-ms="8047">
      <class name="Academy.E2Eworkflow.ElementsPage">
        <test-method is-config="true" signature="initialize()[pri:0, instance:Academy.E2Eworkflow.ElementsPage@4f6f416f]" started-at="2021-05-21T18:34:03Z" name="initialize" finished-at="2021-05-21T18:34:05Z" duration-ms="1862" status="PASS">
          <reporter-output>
          </reporter-output>
        </test-method> <!-- initialize -->
        <test-method signature="elementspage1(java.lang.String, java.lang.String, java.lang.String, java.lang.String)[pri:0, instance:Academy.E2Eworkflow.ElementsPage@4f6f416f]" started-at="2021-05-21T18:34:05Z" name="elementspage1" data-provider="getdata" finished-at="2021-05-21T18:34:10Z" duration-ms="4445" status="PASS">
          <params>
            <param index="0">
              <value>
                <![CDATA[bharath]]>
              </value>
            </param>
            <param index="1">
              <value>
                <![CDATA[bkumar1807@gmail.com]]>
              </value>
            </param>
            <param index="2">
              <value>
                <![CDATA[Ashok nagar kamareddy]]>
              </value>
            </param>
            <param index="3">
              <value>
                <![CDATA[Ashok nagar kamareddy]]>
              </value>
            </param>
          </params>
          <reporter-output>
          </reporter-output>
        </test-method> <!-- elementspage1 -->
        <test-method signature="elementspage1(java.lang.String, java.lang.String, java.lang.String, java.lang.String)[pri:0, instance:Academy.E2Eworkflow.ElementsPage@4f6f416f]" started-at="2021-05-21T18:34:10Z" name="elementspage1" data-provider="getdata" finished-at="2021-05-21T18:34:11Z" duration-ms="1551" status="PASS">
          <params>
            <param index="0">
              <value>
                <![CDATA[virat]]>
              </value>
            </param>
            <param index="1">
              <value>
                <![CDATA[vk1809@gmail.com]]>
              </value>
            </param>
            <param index="2">
              <value>
                <![CDATA[Delhi]]>
              </value>
            </param>
            <param index="3">
              <value>
                <![CDATA[Mumbai]]>
              </value>
            </param>
          </params>
          <reporter-output>
          </reporter-output>
        </test-method> <!-- elementspage1 -->
        <test-method is-config="true" signature="close()[pri:0, instance:Academy.E2Eworkflow.ElementsPage@4f6f416f]" started-at="2021-05-21T18:34:11Z" name="close" finished-at="2021-05-21T18:34:12Z" duration-ms="154" status="PASS">
          <reporter-output>
          </reporter-output>
        </test-method> <!-- close -->
      </class> <!-- Academy.E2Eworkflow.ElementsPage -->
    </test> <!-- Test -->
  </suite> <!-- Suite -->
</testng-results>
